Loading hotkey configuration file 'C:/Program Files/Autodesk/3ds Max 2022/UI_LN/CUI/Default.hsxb'.
Hotkey configuration file loaded successfully.
Warning: Removing existing shortcut 'Ctrl+A' from '1038504992-40112' and assigning it to '1038504992-40113'.
Warning: Shortcut 'Ctrl+A' for Action '1038504992-40112' removed.
Warning: Removing existing shortcut 'Ctrl+A' from '1038504992-40113' and assigning it to '1038504992-40114'.
Warning: Shortcut 'Ctrl+A' for Action '1038504992-40113' removed.
Warning: Removing existing shortcut 'Ctrl+A' from '1038504992-40114' and assigning it to '1038504992-40115'.
Warning: Shortcut 'Ctrl+A' for Action '1038504992-40114' removed.
Warning: Removing existing shortcut 'Ctrl+A' from '1038504992-40115' and assigning it to '1038504992-40116'.
Warning: Shortcut 'Ctrl+A' for Action '1038504992-40115' removed.
Warning: Removing existing shortcut 'Ctrl+A' from '1038504992-40116' and assigning it to '1038504992-40117'.
Warning: Shortcut 'Ctrl+A' for Action '1038504992-40116' removed.
Warning: Removing existing shortcut 'Ctrl+A' from '1038504992-40117' and assigning it to '1038504992-40118'.
Warning: Shortcut 'Ctrl+A' for Action '1038504992-40117' removed.
Warning: Removing existing shortcut 'Ctrl+A' from '1038504992-40118' and assigning it to '1038504992-40119'.
Warning: Shortcut 'Ctrl+A' for Action '1038504992-40118' removed.
Warning: Removing existing shortcut 'Ctrl+A' from '1038504992-40119' and assigning it to '1038504992-40120'.
Warning: Shortcut 'Ctrl+A' for Action '1038504992-40119' removed.
Warning: Removing existing shortcut 'Ctrl+A' from '1038504992-40120' and assigning it to '1038504992-40121'.
Warning: Shortcut 'Ctrl+A' for Action '1038504992-40120' removed.
Warning: Removing existing shortcut 'Ctrl+A' from '1038504992-40121' and assigning it to '1038504992-40122'.
Warning: Shortcut 'Ctrl+A' for Action '1038504992-40121' removed.
Warning: Removing existing shortcut 'Ctrl+A' from '1038504992-40122' and assigning it to '1038504992-40123'.
Warning: Shortcut 'Ctrl+A' for Action '1038504992-40122' removed.
Warning: Removing existing shortcut 'Ctrl+A' from '1038504992-40123' and assigning it to '1038504992-40124'.
Warning: Shortcut 'Ctrl+A' for Action '1038504992-40123' removed.
Warning: Removing existing shortcut 'Ctrl+A' from '1038504992-40124' and assigning it to '1038504992-40125'.
Warning: Shortcut 'Ctrl+A' for Action '1038504992-40124' removed.
Warning: Removing existing shortcut 'Ctrl+A' from '1038504992-40125' and assigning it to '1038504992-40126'.
Warning: Shortcut 'Ctrl+A' for Action '1038504992-40125' removed.
Warning: Removing existing shortcut 'Ctrl+A' from '1038504992-40126' and assigning it to '1038504992-40127'.
Warning: Shortcut 'Ctrl+A' for Action '1038504992-40126' removed.
Warning: Removing existing shortcut 'Ctrl+A' from '1038504992-40127' and assigning it to '1038504992-40128'.
Warning: Shortcut 'Ctrl+A' for Action '1038504992-40127' removed.
Warning: Removing existing shortcut 'Ctrl+A' from '1038504992-40128' and assigning it to '1038504992-40129'.
Warning: Shortcut 'Ctrl+A' for Action '1038504992-40128' removed.
Loading shortcut transform file 'C:/Program Files/Autodesk/3ds Max 2022/UI_LN/CUI/3dsmaxShortcuts.hsx'.
Transform file loaded successfully.
